<?xml version="1.0" encoding="UTF-8"?>
<!-- Generated by org.testng.reporters.JUnitReportReporter -->
<testsuite hostname="Dell" failures="0" tests="1" name="com.crm.qa.testcases.HomePageTest" time="19.697" errors="0" timestamp="09 Dec 2021 16:36:22 GMT" skipped="0">
  <testcase classname="com.crm.qa.testcases.HomePageTest" name="clickOnBookingPageTest" time="19.697"/>
</testsuite> <!-- com.crm.qa.testcases.HomePageTest -->
