<?xml version="1.0" encoding="UTF-8"?>
<!-- Generated by org.testng.reporters.JUnitReportReporter -->
<testsuite hostname="Dell" failures="0" tests="2" name="com.crm.qa.testcases.LoginPageTest" time="16.604" errors="0" timestamp="09 Dec 2021 16:27:57 GMT" skipped="0">
  <testcase classname="com.crm.qa.testcases.LoginPageTest" name="ValidateWebPageTitleTest" time="7.564"/>
  <testcase classname="com.crm.qa.testcases.LoginPageTest" name="HomePageLogoTest" time="9.040"/>
</testsuite> <!-- com.crm.qa.testcases.LoginPageTest -->
